[2024-08-16 15:49:28,303: INFO: common: yaml file: config\config.yaml loaded successfully]
[2024-08-16 15:49:28,309: INFO: common: yaml file: params.yaml loaded successfully]
[2024-08-16 15:49:28,312: INFO: common: created directory at: artifacts]
[2024-08-16 15:49:28,313: INFO: common: created directory at: artifacts/data_ingestion]
[2024-08-16 15:49:28,314: INFO: 1434958058: File already exists of size: ~ 3934 KB]
[2024-08-16 15:49:49,510: INFO: common: yaml file: config\config.yaml loaded successfully]
[2024-08-16 15:49:49,515: INFO: common: yaml file: params.yaml loaded successfully]
[2024-08-16 15:49:49,517: INFO: common: created directory at: artifacts]
[2024-08-16 15:49:49,519: INFO: common: created directory at: artifacts/data_ingestion]
[2024-08-16 15:49:49,520: INFO: 1434958058: File already exists of size: ~ 3934 KB]
[2024-08-16 15:54:00,091: INFO: common: yaml file: config\config.yaml loaded successfully]
[2024-08-16 15:54:00,097: INFO: common: yaml file: params.yaml loaded successfully]
[2024-08-16 15:54:00,099: INFO: common: created directory at: artifacts]
[2024-08-16 15:54:00,101: INFO: common: created directory at: artifacts/data_ingestion]
[2024-08-16 15:54:00,102: INFO: 1434958058: File already exists of size: ~ 3934 KB]
[2024-08-16 16:02:34,198: INFO: common: yaml file: config\config.yaml loaded successfully]
[2024-08-16 16:02:34,202: INFO: common: yaml file: params.yaml loaded successfully]
[2024-08-16 16:02:34,204: INFO: common: created directory at: artifacts]
[2024-08-16 16:02:34,205: INFO: common: created directory at: artifacts/data_ingestion]
[2024-08-16 16:02:34,206: INFO: 1434958058: File already exists of size: ~ 3934 KB]
[2024-08-16 16:15:15,711: INFO: common: yaml file: config\config.yaml loaded successfully]
[2024-08-16 16:15:15,715: INFO: common: yaml file: params.yaml loaded successfully]
[2024-08-16 16:15:15,718: INFO: common: created directory at: artifacts]
[2024-08-16 16:15:15,720: INFO: common: created directory at: artifacts/data_ingestion]
[2024-08-16 16:15:15,722: INFO: 1434958058: File already exists of size: ~ 3934 KB]
[2024-08-16 16:31:00,552: INFO: common: yaml file: config\config.yaml loaded successfully]
[2024-08-16 16:31:00,557: INFO: common: yaml file: params.yaml loaded successfully]
[2024-08-16 16:31:00,559: INFO: common: created directory at: artifacts]
[2024-08-16 16:31:00,561: INFO: common: created directory at: artifacts/data_validation]
[2024-08-16 21:05:29,381: INFO: config: PyTorch version 2.4.0 available.]
[2024-08-16 21:14:27,247: INFO: common: yaml file: config\config.yaml loaded successfully]
[2024-08-16 21:14:27,250: INFO: common: yaml file: params.yaml loaded successfully]
[2024-08-16 21:14:27,251: INFO: common: created directory at: artifacts]
[2024-08-16 21:14:27,252: INFO: common: created directory at: artifacts/data_transformation]
[2024-08-16 21:16:56,225: INFO: common: yaml file: config\config.yaml loaded successfully]
[2024-08-16 21:16:56,228: INFO: common: yaml file: params.yaml loaded successfully]
[2024-08-16 21:16:56,229: INFO: common: created directory at: artifacts]
[2024-08-16 21:16:56,230: INFO: common: created directory at: artifacts/data_transformation]
[2024-08-16 21:23:33,398: INFO: common: yaml file: config\config.yaml loaded successfully]
[2024-08-16 21:23:33,400: INFO: common: yaml file: params.yaml loaded successfully]
[2024-08-16 21:23:33,402: INFO: common: created directory at: artifacts]
[2024-08-16 21:23:33,402: INFO: common: created directory at: artifacts/data_transformation]
[2024-08-16 21:23:53,793: INFO: common: yaml file: config\config.yaml loaded successfully]
[2024-08-16 21:23:53,796: INFO: common: yaml file: params.yaml loaded successfully]
[2024-08-16 21:23:53,797: INFO: common: created directory at: artifacts]
[2024-08-16 21:23:53,798: INFO: common: created directory at: artifacts/data_transformation]
[2024-08-16 21:51:04,942: INFO: common: yaml file: config\config.yaml loaded successfully]
[2024-08-16 21:51:04,948: INFO: common: yaml file: params.yaml loaded successfully]
[2024-08-16 21:51:04,950: INFO: common: created directory at: artifacts]
[2024-08-16 21:51:04,952: INFO: common: created directory at: artifacts/data_transformation]
[2024-08-16 21:58:22,884: INFO: common: yaml file: config\config.yaml loaded successfully]
[2024-08-16 21:58:22,889: INFO: common: yaml file: params.yaml loaded successfully]
[2024-08-16 21:58:22,891: INFO: common: created directory at: artifacts]
[2024-08-16 21:58:22,893: INFO: common: created directory at: artifacts/data_transformation]
